<?xml version="1.0" encoding="UTF-8"?>
<testng-results ignored="0" total="1" passed="1" failed="0" skipped="0">
  <reporter-output>
  </reporter-output>
  <suite started-at="2024-02-29T22:06:51 IST" name="Default suite" finished-at="2024-02-29T22:07:11 IST" duration-ms="20086">
    <groups>
    </groups>
    <test started-at="2024-02-29T22:06:51 IST" name="Default test" finished-at="2024-02-29T22:07:11 IST" duration-ms="20086">
      <class name="Attachments">
        <test-method signature="AddAttach()[pri:0, instance:Attachments@13fd2ccd]" started-at="2024-02-29T22:06:51 IST" name="AddAttach" finished-at="2024-02-29T22:07:11 IST" duration-ms="20033" status="PASS">
          <reporter-output>
          </reporter-output>
        </test-method> <!-- AddAttach -->
      </class> <!-- Attachments -->
    </test> <!-- Default test -->
  </suite> <!-- Default suite -->
</testng-results>
